<component name="libraryTable">
  <library name="junit-4.12">
    <CLASSES>
      <root url="jar://C:/Java/apache-groovy-sdk-2.4.12/groovy-2.4.12/lib/junit-4.12.jar!/" />
    </CLASSES>
    <JAVADOC />
    <SOURCES />
  </library>
</component>